Build started 9/22/2014 10:26:11 PM.
     1>Project "C:\Users\Zephyr\OneDrive\Documents\C++\ben\BoxTests - Copy\Bengine\Bengine.vcxproj" on node 2 (Build target(s)).
     1>ClCompile:
         C:\Program Files (x86)\Microsoft Visual Studio 11.0\VC\bin\CL.exe /c /ZI /nologo /W3 /WX- /sdl /Od /Oy- /D WIN32 /D _DEBUG /D _LIB /D _UNICODE /D UNICODE /Gm /EHsc /RTC1 /MDd /GS /fp:precise /Zc:wchar_t /Zc:forScope /Fo"Debug\\" /Fd"Debug\vc110.pdb" /Gd /TP /analyze- /errorReport:prompt Bengine.cpp GLSLProgram.cpp
         GLSLProgram.cpp
         Bengine.cpp
         Generating Code...
       Lib:
         C:\Program Files (x86)\Microsoft Visual Studio 11.0\VC\bin\Lib.exe /OUT:"C:\Users\Zephyr\OneDrive\Documents\C++\ben\BoxTests - Copy\Debug\Bengine.lib" glew32.lib glew32s.lib SDL2.lib SDL2main.lib SDL2test.lib OpenGL32.lib liquidfun.lib /NOLOGO Debug\Bengine.obj
         Debug\Errors.obj
         Debug\GLSLProgram.obj
         Debug\ImageLoader.obj
         Debug\IOManager.obj
         Debug\picoPNG.obj
         Debug\ResourceManager.obj
         Debug\Sprite.obj
         Debug\TextureCache.obj
         Debug\Window.obj
     1>glew32s.lib(glew.obj) : warning LNK4006: _glewGetErrorString@4 already defined in glew32.lib(glew32.dll); second definition ignored
     1>glew32s.lib(glew.obj) : warning LNK4006: _glewGetExtension@4 already defined in glew32.lib(glew32.dll); second definition ignored
     1>glew32s.lib(glew.obj) : warning LNK4006: _glewGetString@4 already defined in glew32.lib(glew32.dll); second definition ignored
     1>glew32s.lib(glew.obj) : warning LNK4006: _glewInit@0 already defined in glew32.lib(glew32.dll); second definition ignored
     1>glew32s.lib(glew.obj) : warning LNK4006: _glewIsSupported@4 already defined in glew32.lib(glew32.dll); second definition ignored
     1>glew32s.lib(glew.obj) : warning LNK4006: _wglewGetExtension@4 already defined in glew32.lib(glew32.dll); second definition ignored
     1>glew32s.lib(glew.obj) : warning LNK4006: _wglewIsSupported@4 already defined in glew32.lib(glew32.dll); second definition ignored
     1>SDL2.lib(SDL2.dll) : warning LNK4006: __NULL_IMPORT_DESCRIPTOR already defined in glew32.lib(glew32.dll); second definition ignored
     1>SDL2.lib(SDL2.dll) : warning LNK4221: This object file does not define any previously undefined public symbols, so it will not be used by any link operation that consumes this library
     1>OpenGL32.lib(OPENGL32.dll) : warning LNK4006: __NULL_IMPORT_DESCRIPTOR already defined in glew32.lib(glew32.dll); second definition ignored
     1>OpenGL32.lib(OPENGL32.dll) : warning LNK4221: This object file does not define any previously undefined public symbols, so it will not be used by any link operation that consumes this library
         Bengine.vcxproj -> C:\Users\Zephyr\OneDrive\Documents\C++\ben\BoxTests - Copy\Debug\Bengine.lib
     1>Done Building Project "C:\Users\Zephyr\OneDrive\Documents\C++\ben\BoxTests - Copy\Bengine\Bengine.vcxproj" (Build target(s)).

Build succeeded.

Time Elapsed 00:00:00.80
