C:\USERS\ZEPHYR\DOCUMENTS\GITHUB\3RD-SEMESTER-FINAL\LIDDLE DIDDLE\BENGINE\DEBUG\BENGINE.OBJ
C:\USERS\ZEPHYR\DOCUMENTS\GITHUB\3RD-SEMESTER-FINAL\LIDDLE DIDDLE\BENGINE\DEBUG\CAMERA2D.OBJ
C:\USERS\ZEPHYR\DOCUMENTS\GITHUB\3RD-SEMESTER-FINAL\LIDDLE DIDDLE\BENGINE\DEBUG\ERRORS.OBJ
C:\USERS\ZEPHYR\DOCUMENTS\GITHUB\3RD-SEMESTER-FINAL\LIDDLE DIDDLE\BENGINE\DEBUG\GLSLPROGRAM.OBJ
C:\USERS\ZEPHYR\DOCUMENTS\GITHUB\3RD-SEMESTER-FINAL\LIDDLE DIDDLE\BENGINE\DEBUG\IMAGELOADER.OBJ
C:\USERS\ZEPHYR\DOCUMENTS\GITHUB\3RD-SEMESTER-FINAL\LIDDLE DIDDLE\BENGINE\DEBUG\IOMANAGER.OBJ
C:\USERS\ZEPHYR\DOCUMENTS\GITHUB\3RD-SEMESTER-FINAL\LIDDLE DIDDLE\BENGINE\DEBUG\PICOPNG.OBJ
C:\USERS\ZEPHYR\DOCUMENTS\GITHUB\3RD-SEMESTER-FINAL\LIDDLE DIDDLE\BENGINE\DEBUG\RESOURCEMANAGER.OBJ
C:\USERS\ZEPHYR\DOCUMENTS\GITHUB\3RD-SEMESTER-FINAL\LIDDLE DIDDLE\BENGINE\DEBUG\SPRITE.OBJ
C:\USERS\ZEPHYR\DOCUMENTS\GITHUB\3RD-SEMESTER-FINAL\LIDDLE DIDDLE\BENGINE\DEBUG\TEXTURECACHE.OBJ
C:\USERS\ZEPHYR\DOCUMENTS\GITHUB\3RD-SEMESTER-FINAL\LIDDLE DIDDLE\BENGINE\DEBUG\WINDOW.OBJ
C:\USERS\ZEPHYR\DOCUMENTS\GITHUB\3RD-SEMESTER-FINAL\LIDDLE DIDDLE\BENGINE\DEBUG\VC110.PDB
C:\USERS\ZEPHYR\DOCUMENTS\GITHUB\3RD-SEMESTER-FINAL\LIDDLE DIDDLE\DEBUG\BENGINE.LIB
C:\Users\Zephyr\Documents\GitHub\3rd-Semester-Final\Liddle Diddle\Bengine\Debug\Bengine.obj
C:\Users\Zephyr\Documents\GitHub\3rd-Semester-Final\Liddle Diddle\Bengine\Debug\Camera2D.obj
C:\Users\Zephyr\Documents\GitHub\3rd-Semester-Final\Liddle Diddle\Bengine\Debug\Errors.obj
C:\Users\Zephyr\Documents\GitHub\3rd-Semester-Final\Liddle Diddle\Bengine\Debug\GLSLProgram.obj
C:\Users\Zephyr\Documents\GitHub\3rd-Semester-Final\Liddle Diddle\Bengine\Debug\ImageLoader.obj
C:\Users\Zephyr\Documents\GitHub\3rd-Semester-Final\Liddle Diddle\Bengine\Debug\IOManager.obj
C:\Users\Zephyr\Documents\GitHub\3rd-Semester-Final\Liddle Diddle\Bengine\Debug\picoPNG.obj
C:\Users\Zephyr\Documents\GitHub\3rd-Semester-Final\Liddle Diddle\Bengine\Debug\ResourceManager.obj
C:\Users\Zephyr\Documents\GitHub\3rd-Semester-Final\Liddle Diddle\Bengine\Debug\Sprite.obj
C:\Users\Zephyr\Documents\GitHub\3rd-Semester-Final\Liddle Diddle\Bengine\Debug\TextureCache.obj
C:\Users\Zephyr\Documents\GitHub\3rd-Semester-Final\Liddle Diddle\Bengine\Debug\Window.obj
C:\Users\Zephyr\Documents\GitHub\3rd-Semester-Final\Liddle Diddle\Bengine\Debug\cl.command.1.tlog
C:\Users\Zephyr\Documents\GitHub\3rd-Semester-Final\Liddle Diddle\Bengine\Debug\CL.read.1.tlog
C:\Users\Zephyr\Documents\GitHub\3rd-Semester-Final\Liddle Diddle\Bengine\Debug\CL.write.1.tlog
C:\Users\Zephyr\Documents\GitHub\3rd-Semester-Final\Liddle Diddle\Bengine\Debug\Lib-link.read.1.tlog
C:\Users\Zephyr\Documents\GitHub\3rd-Semester-Final\Liddle Diddle\Bengine\Debug\Lib-link.write.1.tlog
C:\Users\Zephyr\Documents\GitHub\3rd-Semester-Final\Liddle Diddle\Bengine\Debug\lib.command.1.tlog
C:\Users\Zephyr\Documents\GitHub\3rd-Semester-Final\Liddle Diddle\Bengine\Debug\vc110.idb
C:\Users\Zephyr\Documents\GitHub\3rd-Semester-Final\Liddle Diddle\Bengine\Debug\vc110.pdb
C:\Users\Zephyr\Documents\GitHub\3rd-Semester-Final\Liddle Diddle\Debug\Bengine.lib
