Build started 11/2/2014 11:51:42 PM.
     1>Project "C:\Users\Zephyr\Desktop\Magical-Tower\Liddle Diddle\Base\Base.vcxproj" on node 2 (Build target(s)).
     1>ClCompile:
         C:\Program Files (x86)\Microsoft Visual Studio 11.0\VC\bin\CL.exe /c /ZI /nologo /W3 /WX- /Od /Oy- /D WIN32 /D _DEBUG /D _CONSOLE /D _LIB /D _UNICODE /D UNICODE /Gm /EHsc /RTC1 /MDd /GS /fp:precise /Zc:wchar_t /Zc:forScope /Fo"Debug\\" /Fd"Debug\vc110.pdb" /Gd /TP /analyze- /errorReport:prompt Assignment4GameState.cpp Ball.cpp BasicState.cpp box.cpp Bullet.cpp DefaultGameStateManager.cpp Drawable.cpp GameState.cpp GameStateManager.cpp GameStateProvider.cpp GameWorld.cpp GameObject.cpp Ground.cpp IntroGameState.cpp LevelLoader.cpp main.cpp MainGame.cpp MainMenuGameState.cpp MainMenuState.cpp Modality.cpp MultiCharacterSelectState.cpp RemedyMenuState.cpp StageSelectState.cpp StartScreenState.cpp tinyxml2.cpp TylerMenuState.cpp Updateable.cpp
         Updateable.cpp
         TylerMenuState.cpp
     1>c:\users\zephyr\desktop\magical-tower\liddle diddle\base\tylermenustate.cpp(54): warning C4018: '<' : signed/unsigned mismatch
         tinyxml2.cpp
         StartScreenState.cpp
         StageSelectState.cpp
         RemedyMenuState.cpp
         MultiCharacterSelectState.cpp
     1>c:\users\zephyr\desktop\magical-tower\liddle diddle\base\multicharacterselectstate.cpp(186): warning C4305: 'argument' : truncation from 'double' to 'float'
     1>c:\users\zephyr\desktop\magical-tower\liddle diddle\base\multicharacterselectstate.cpp(190): warning C4305: 'argument' : truncation from 'double' to 'float'
     1>c:\users\zephyr\desktop\magical-tower\liddle diddle\base\multicharacterselectstate.cpp(194): warning C4305: 'argument' : truncation from 'double' to 'float'
         Modality.cpp
         MainMenuState.cpp
     1>c:\users\zephyr\desktop\magical-tower\liddle diddle\base\mainmenustate.cpp(38): warning C4244: '=' : conversion from 'float' to 'GLubyte', possible loss of data
     1>c:\users\zephyr\desktop\magical-tower\liddle diddle\base\mainmenustate.cpp(39): warning C4244: '=' : conversion from 'float' to 'GLubyte', possible loss of data
     1>c:\users\zephyr\desktop\magical-tower\liddle diddle\base\mainmenustate.cpp(40): warning C4244: '=' : conversion from 'float' to 'GLubyte', possible loss of data
         MainMenuGameState.cpp
     1>c:\users\zephyr\desktop\magical-tower\liddle diddle\base\mainmenugamestate.cpp(74): warning C4305: '+=' : truncation from 'double' to 'float'
         MainGame.cpp
     1>c:\users\zephyr\desktop\magical-tower\liddle diddle\base\maingame.cpp(103): warning C4244: 'argument' : conversion from 'Sint32' to 'float', possible loss of data
         main.cpp
         LevelLoader.cpp
         IntroGameState.cpp
         Ground.cpp
         GameObject.cpp
         GameWorld.cpp
         GameStateProvider.cpp
         GameStateManager.cpp
         GameState.cpp
         Generating Code...
         Compiling...
         Drawable.cpp
         DefaultGameStateManager.cpp
         Bullet.cpp
         box.cpp
         BasicState.cpp
         Ball.cpp
         Assignment4GameState.cpp
     1>c:\users\zephyr\desktop\magical-tower\liddle diddle\base\assignment4gamestate.cpp(1): warning C4067: unexpected tokens following preprocessor directive - expected a newline
         Generating Code...
       Link:
         C:\Program Files (x86)\Microsoft Visual Studio 11.0\VC\bin\link.exe /ERRORREPORT:PROMPT /OUT:"C:\Users\Zephyr\Desktop\Magical-Tower\Liddle Diddle\Debug\Game.exe" /INCREMENTAL /NOLOGO glew32.lib glew32s.lib SDL2.lib SDL2main.lib SDL2test.lib OpenGL32.lib liquidfun.lib Bengine.lib kernel32.lib user32.lib gdi32.lib winspool.lib comdlg32.lib advapi32.lib shell32.lib ole32.lib oleaut32.lib uuid.lib odbc32.lib odbccp32.lib /MANIFEST /MANIFESTUAC:"level='asInvoker' uiAccess='false'" /manifest:embed /DEBUG /PDB:"C:\Users\Zephyr\Desktop\Magical-Tower\Liddle Diddle\Debug\Game.pdb" /SUBSYSTEM:CONSOLE /TLBID:1 /DYNAMICBASE /NXCOMPAT /IMPLIB:"C:\Users\Zephyr\Desktop\Magical-Tower\Liddle Diddle\Debug\Game.lib" /MACHINE:X86 Debug\Assignment4GameState.obj
         Debug\Ball.obj
         Debug\BasicState.obj
         Debug\box.obj
         Debug\Bullet.obj
         Debug\DefaultGameStateManager.obj
         Debug\Drawable.obj
         Debug\GameState.obj
         Debug\GameStateManager.obj
         Debug\GameStateProvider.obj
         Debug\GameWorld.obj
         Debug\GameObject.obj
         Debug\Ground.obj
         Debug\IntroGameState.obj
         Debug\LevelLoader.obj
         Debug\main.obj
         Debug\MainGame.obj
         Debug\MainMenuGameState.obj
         Debug\MainMenuState.obj
         Debug\Modality.obj
         Debug\MultiCharacterSelectState.obj
         Debug\RemedyMenuState.obj
         Debug\StageSelectState.obj
         Debug\StartScreenState.obj
         Debug\tinyxml2.obj
         Debug\TylerMenuState.obj
         Debug\Updateable.obj
         LINK : C:\Users\Zephyr\Desktop\Magical-Tower\Liddle Diddle\Debug\Game.exe not found or not built by the last incremental link; performing full link
     1>MSVCRTD.lib(cinitexe.obj) : warning LNK4098: defaultlib 'msvcrt.lib' conflicts with use of other libs; use /NODEFAULTLIB:library
     1>liquidfun.lib(b2DistanceJoint.obj) : warning LNK4099: PDB 'vc110.pdb' was not found with 'liquidfun.lib(b2DistanceJoint.obj)' or at 'C:\Users\Zephyr\Desktop\Magical-Tower\Liddle Diddle\Debug\vc110.pdb'; linking object as if no debug info
     1>liquidfun.lib(b2FrictionJoint.obj) : warning LNK4099: PDB 'vc110.pdb' was not found with 'liquidfun.lib(b2FrictionJoint.obj)' or at 'C:\Users\Zephyr\Desktop\Magical-Tower\Liddle Diddle\Debug\vc110.pdb'; linking object as if no debug info
     1>liquidfun.lib(b2GearJoint.obj) : warning LNK4099: PDB 'vc110.pdb' was not found with 'liquidfun.lib(b2GearJoint.obj)' or at 'C:\Users\Zephyr\Desktop\Magical-Tower\Liddle Diddle\Debug\vc110.pdb'; linking object as if no debug info
     1>liquidfun.lib(b2Joint.obj) : warning LNK4099: PDB 'vc110.pdb' was not found with 'liquidfun.lib(b2Joint.obj)' or at 'C:\Users\Zephyr\Desktop\Magical-Tower\Liddle Diddle\Debug\vc110.pdb'; linking object as if no debug info
     1>liquidfun.lib(b2MotorJoint.obj) : warning LNK4099: PDB 'vc110.pdb' was not found with 'liquidfun.lib(b2MotorJoint.obj)' or at 'C:\Users\Zephyr\Desktop\Magical-Tower\Liddle Diddle\Debug\vc110.pdb'; linking object as if no debug info
     1>liquidfun.lib(b2MouseJoint.obj) : warning LNK4099: PDB 'vc110.pdb' was not found with 'liquidfun.lib(b2MouseJoint.obj)' or at 'C:\Users\Zephyr\Desktop\Magical-Tower\Liddle Diddle\Debug\vc110.pdb'; linking object as if no debug info
     1>liquidfun.lib(b2PrismaticJoint.obj) : warning LNK4099: PDB 'vc110.pdb' was not found with 'liquidfun.lib(b2PrismaticJoint.obj)' or at 'C:\Users\Zephyr\Desktop\Magical-Tower\Liddle Diddle\Debug\vc110.pdb'; linking object as if no debug info
     1>liquidfun.lib(b2PulleyJoint.obj) : warning LNK4099: PDB 'vc110.pdb' was not found with 'liquidfun.lib(b2PulleyJoint.obj)' or at 'C:\Users\Zephyr\Desktop\Magical-Tower\Liddle Diddle\Debug\vc110.pdb'; linking object as if no debug info
     1>liquidfun.lib(b2RevoluteJoint.obj) : warning LNK4099: PDB 'vc110.pdb' was not found with 'liquidfun.lib(b2RevoluteJoint.obj)' or at 'C:\Users\Zephyr\Desktop\Magical-Tower\Liddle Diddle\Debug\vc110.pdb'; linking object as if no debug info
     1>liquidfun.lib(b2RopeJoint.obj) : warning LNK4099: PDB 'vc110.pdb' was not found with 'liquidfun.lib(b2RopeJoint.obj)' or at 'C:\Users\Zephyr\Desktop\Magical-Tower\Liddle Diddle\Debug\vc110.pdb'; linking object as if no debug info
     1>liquidfun.lib(b2WeldJoint.obj) : warning LNK4099: PDB 'vc110.pdb' was not found with 'liquidfun.lib(b2WeldJoint.obj)' or at 'C:\Users\Zephyr\Desktop\Magical-Tower\Liddle Diddle\Debug\vc110.pdb'; linking object as if no debug info
     1>liquidfun.lib(b2WheelJoint.obj) : warning LNK4099: PDB 'vc110.pdb' was not found with 'liquidfun.lib(b2WheelJoint.obj)' or at 'C:\Users\Zephyr\Desktop\Magical-Tower\Liddle Diddle\Debug\vc110.pdb'; linking object as if no debug info
     1>liquidfun.lib(b2CircleContact.obj) : warning LNK4099: PDB 'vc110.pdb' was not found with 'liquidfun.lib(b2CircleContact.obj)' or at 'C:\Users\Zephyr\Desktop\Magical-Tower\Liddle Diddle\Debug\vc110.pdb'; linking object as if no debug info
     1>liquidfun.lib(b2Contact.obj) : warning LNK4099: PDB 'vc110.pdb' was not found with 'liquidfun.lib(b2Contact.obj)' or at 'C:\Users\Zephyr\Desktop\Magical-Tower\Liddle Diddle\Debug\vc110.pdb'; linking object as if no debug info
     1>liquidfun.lib(b2ContactSolver.obj) : warning LNK4099: PDB 'vc110.pdb' was not found with 'liquidfun.lib(b2ContactSolver.obj)' or at 'C:\Users\Zephyr\Desktop\Magical-Tower\Liddle Diddle\Debug\vc110.pdb'; linking object as if no debug info
     1>liquidfun.lib(b2PolygonAndCircleContact.obj) : warning LNK4099: PDB 'vc110.pdb' was not found with 'liquidfun.lib(b2PolygonAndCircleContact.obj)' or at 'C:\Users\Zephyr\Desktop\Magical-Tower\Liddle Diddle\Debug\vc110.pdb'; linking object as if no debug info
     1>liquidfun.lib(b2EdgeAndCircleContact.obj) : warning LNK4099: PDB 'vc110.pdb' was not found with 'liquidfun.lib(b2EdgeAndCircleContact.obj)' or at 'C:\Users\Zephyr\Desktop\Magical-Tower\Liddle Diddle\Debug\vc110.pdb'; linking object as if no debug info
     1>liquidfun.lib(b2EdgeAndPolygonContact.obj) : warning LNK4099: PDB 'vc110.pdb' was not found with 'liquidfun.lib(b2EdgeAndPolygonContact.obj)' or at 'C:\Users\Zephyr\Desktop\Magical-Tower\Liddle Diddle\Debug\vc110.pdb'; linking object as if no debug info
     1>liquidfun.lib(b2ChainAndCircleContact.obj) : warning LNK4099: PDB 'vc110.pdb' was not found with 'liquidfun.lib(b2ChainAndCircleContact.obj)' or at 'C:\Users\Zephyr\Desktop\Magical-Tower\Liddle Diddle\Debug\vc110.pdb'; linking object as if no debug info
     1>liquidfun.lib(b2ChainAndPolygonContact.obj) : warning LNK4099: PDB 'vc110.pdb' was not found with 'liquidfun.lib(b2ChainAndPolygonContact.obj)' or at 'C:\Users\Zephyr\Desktop\Magical-Tower\Liddle Diddle\Debug\vc110.pdb'; linking object as if no debug info
     1>liquidfun.lib(b2PolygonContact.obj) : warning LNK4099: PDB 'vc110.pdb' was not found with 'liquidfun.lib(b2PolygonContact.obj)' or at 'C:\Users\Zephyr\Desktop\Magical-Tower\Liddle Diddle\Debug\vc110.pdb'; linking object as if no debug info
     1>liquidfun.lib(b2Body.obj) : warning LNK4099: PDB 'vc110.pdb' was not found with 'liquidfun.lib(b2Body.obj)' or at 'C:\Users\Zephyr\Desktop\Magical-Tower\Liddle Diddle\Debug\vc110.pdb'; linking object as if no debug info
     1>liquidfun.lib(b2ContactManager.obj) : warning LNK4099: PDB 'vc110.pdb' was not found with 'liquidfun.lib(b2ContactManager.obj)' or at 'C:\Users\Zephyr\Desktop\Magical-Tower\Liddle Diddle\Debug\vc110.pdb'; linking object as if no debug info
     1>liquidfun.lib(b2Fixture.obj) : warning LNK4099: PDB 'vc110.pdb' was not found with 'liquidfun.lib(b2Fixture.obj)' or at 'C:\Users\Zephyr\Desktop\Magical-Tower\Liddle Diddle\Debug\vc110.pdb'; linking object as if no debug info
     1>liquidfun.lib(b2Island.obj) : warning LNK4099: PDB 'vc110.pdb' was not found with 'liquidfun.lib(b2Island.obj)' or at 'C:\Users\Zephyr\Desktop\Magical-Tower\Liddle Diddle\Debug\vc110.pdb'; linking object as if no debug info
     1>liquidfun.lib(b2World.obj) : warning LNK4099: PDB 'vc110.pdb' was not found with 'liquidfun.lib(b2World.obj)' or at 'C:\Users\Zephyr\Desktop\Magical-Tower\Liddle Diddle\Debug\vc110.pdb'; linking object as if no debug info
     1>liquidfun.lib(b2WorldCallbacks.obj) : warning LNK4099: PDB 'vc110.pdb' was not found with 'liquidfun.lib(b2WorldCallbacks.obj)' or at 'C:\Users\Zephyr\Desktop\Magical-Tower\Liddle Diddle\Debug\vc110.pdb'; linking object as if no debug info
     1>liquidfun.lib(b2BlockAllocator.obj) : warning LNK4099: PDB 'vc110.pdb' was not found with 'liquidfun.lib(b2BlockAllocator.obj)' or at 'C:\Users\Zephyr\Desktop\Magical-Tower\Liddle Diddle\Debug\vc110.pdb'; linking object as if no debug info
     1>liquidfun.lib(b2Draw.obj) : warning LNK4099: PDB 'vc110.pdb' was not found with 'liquidfun.lib(b2Draw.obj)' or at 'C:\Users\Zephyr\Desktop\Magical-Tower\Liddle Diddle\Debug\vc110.pdb'; linking object as if no debug info
     1>liquidfun.lib(b2FreeList.obj) : warning LNK4099: PDB 'vc110.pdb' was not found with 'liquidfun.lib(b2FreeList.obj)' or at 'C:\Users\Zephyr\Desktop\Magical-Tower\Liddle Diddle\Debug\vc110.pdb'; linking object as if no debug info
     1>liquidfun.lib(b2Math.obj) : warning LNK4099: PDB 'vc110.pdb' was not found with 'liquidfun.lib(b2Math.obj)' or at 'C:\Users\Zephyr\Desktop\Magical-Tower\Liddle Diddle\Debug\vc110.pdb'; linking object as if no debug info
     1>liquidfun.lib(b2Settings.obj) : warning LNK4099: PDB 'vc110.pdb' was not found with 'liquidfun.lib(b2Settings.obj)' or at 'C:\Users\Zephyr\Desktop\Magical-Tower\Liddle Diddle\Debug\vc110.pdb'; linking object as if no debug info
     1>liquidfun.lib(b2StackAllocator.obj) : warning LNK4099: PDB 'vc110.pdb' was not found with 'liquidfun.lib(b2StackAllocator.obj)' or at 'C:\Users\Zephyr\Desktop\Magical-Tower\Liddle Diddle\Debug\vc110.pdb'; linking object as if no debug info
     1>liquidfun.lib(b2Timer.obj) : warning LNK4099: PDB 'vc110.pdb' was not found with 'liquidfun.lib(b2Timer.obj)' or at 'C:\Users\Zephyr\Desktop\Magical-Tower\Liddle Diddle\Debug\vc110.pdb'; linking object as if no debug info
     1>liquidfun.lib(b2TrackedBlock.obj) : warning LNK4099: PDB 'vc110.pdb' was not found with 'liquidfun.lib(b2TrackedBlock.obj)' or at 'C:\Users\Zephyr\Desktop\Magical-Tower\Liddle Diddle\Debug\vc110.pdb'; linking object as if no debug info
     1>liquidfun.lib(b2CircleShape.obj) : warning LNK4099: PDB 'vc110.pdb' was not found with 'liquidfun.lib(b2CircleShape.obj)' or at 'C:\Users\Zephyr\Desktop\Magical-Tower\Liddle Diddle\Debug\vc110.pdb'; linking object as if no debug info
     1>liquidfun.lib(b2EdgeShape.obj) : warning LNK4099: PDB 'vc110.pdb' was not found with 'liquidfun.lib(b2EdgeShape.obj)' or at 'C:\Users\Zephyr\Desktop\Magical-Tower\Liddle Diddle\Debug\vc110.pdb'; linking object as if no debug info
     1>liquidfun.lib(b2ChainShape.obj) : warning LNK4099: PDB 'vc110.pdb' was not found with 'liquidfun.lib(b2ChainShape.obj)' or at 'C:\Users\Zephyr\Desktop\Magical-Tower\Liddle Diddle\Debug\vc110.pdb'; linking object as if no debug info
     1>liquidfun.lib(b2PolygonShape.obj) : warning LNK4099: PDB 'vc110.pdb' was not found with 'liquidfun.lib(b2PolygonShape.obj)' or at 'C:\Users\Zephyr\Desktop\Magical-Tower\Liddle Diddle\Debug\vc110.pdb'; linking object as if no debug info
     1>liquidfun.lib(b2BroadPhase.obj) : warning LNK4099: PDB 'vc110.pdb' was not found with 'liquidfun.lib(b2BroadPhase.obj)' or at 'C:\Users\Zephyr\Desktop\Magical-Tower\Liddle Diddle\Debug\vc110.pdb'; linking object as if no debug info
     1>liquidfun.lib(b2CollideCircle.obj) : warning LNK4099: PDB 'vc110.pdb' was not found with 'liquidfun.lib(b2CollideCircle.obj)' or at 'C:\Users\Zephyr\Desktop\Magical-Tower\Liddle Diddle\Debug\vc110.pdb'; linking object as if no debug info
     1>liquidfun.lib(b2CollideEdge.obj) : warning LNK4099: PDB 'vc110.pdb' was not found with 'liquidfun.lib(b2CollideEdge.obj)' or at 'C:\Users\Zephyr\Desktop\Magical-Tower\Liddle Diddle\Debug\vc110.pdb'; linking object as if no debug info
     1>liquidfun.lib(b2CollidePolygon.obj) : warning LNK4099: PDB 'vc110.pdb' was not found with 'liquidfun.lib(b2CollidePolygon.obj)' or at 'C:\Users\Zephyr\Desktop\Magical-Tower\Liddle Diddle\Debug\vc110.pdb'; linking object as if no debug info
     1>liquidfun.lib(b2Collision.obj) : warning LNK4099: PDB 'vc110.pdb' was not found with 'liquidfun.lib(b2Collision.obj)' or at 'C:\Users\Zephyr\Desktop\Magical-Tower\Liddle Diddle\Debug\vc110.pdb'; linking object as if no debug info
     1>liquidfun.lib(b2Distance.obj) : warning LNK4099: PDB 'vc110.pdb' was not found with 'liquidfun.lib(b2Distance.obj)' or at 'C:\Users\Zephyr\Desktop\Magical-Tower\Liddle Diddle\Debug\vc110.pdb'; linking object as if no debug info
     1>liquidfun.lib(b2DynamicTree.obj) : warning LNK4099: PDB 'vc110.pdb' was not found with 'liquidfun.lib(b2DynamicTree.obj)' or at 'C:\Users\Zephyr\Desktop\Magical-Tower\Liddle Diddle\Debug\vc110.pdb'; linking object as if no debug info
     1>liquidfun.lib(b2TimeOfImpact.obj) : warning LNK4099: PDB 'vc110.pdb' was not found with 'liquidfun.lib(b2TimeOfImpact.obj)' or at 'C:\Users\Zephyr\Desktop\Magical-Tower\Liddle Diddle\Debug\vc110.pdb'; linking object as if no debug info
     1>liquidfun.lib(b2Particle.obj) : warning LNK4099: PDB 'vc110.pdb' was not found with 'liquidfun.lib(b2Particle.obj)' or at 'C:\Users\Zephyr\Desktop\Magical-Tower\Liddle Diddle\Debug\vc110.pdb'; linking object as if no debug info
     1>liquidfun.lib(b2ParticleGroup.obj) : warning LNK4099: PDB 'vc110.pdb' was not found with 'liquidfun.lib(b2ParticleGroup.obj)' or at 'C:\Users\Zephyr\Desktop\Magical-Tower\Liddle Diddle\Debug\vc110.pdb'; linking object as if no debug info
     1>liquidfun.lib(b2ParticleSystem.obj) : warning LNK4099: PDB 'vc110.pdb' was not found with 'liquidfun.lib(b2ParticleSystem.obj)' or at 'C:\Users\Zephyr\Desktop\Magical-Tower\Liddle Diddle\Debug\vc110.pdb'; linking object as if no debug info
     1>liquidfun.lib(b2VoronoiDiagram.obj) : warning LNK4099: PDB 'vc110.pdb' was not found with 'liquidfun.lib(b2VoronoiDiagram.obj)' or at 'C:\Users\Zephyr\Desktop\Magical-Tower\Liddle Diddle\Debug\vc110.pdb'; linking object as if no debug info
     1>Bengine.lib(picoPNG.obj) : warning LNK4099: PDB 'vc110.pdb' was not found with 'Bengine.lib(picoPNG.obj)' or at 'C:\Users\Zephyr\Desktop\Magical-Tower\Liddle Diddle\Debug\vc110.pdb'; linking object as if no debug info
         Base.vcxproj -> C:\Users\Zephyr\Desktop\Magical-Tower\Liddle Diddle\Debug\Game.exe
     1>Done Building Project "C:\Users\Zephyr\Desktop\Magical-Tower\Liddle Diddle\Base\Base.vcxproj" (Build target(s)).

Build succeeded.

Time Elapsed 00:00:18.56
