C:\USERS\ZEPHYR\ONEDRIVE\DOCUMENTS\C++\BEN\BOXTESTS - COPY\BASE\DEBUG\ERRORS.OBJ
C:\USERS\ZEPHYR\ONEDRIVE\DOCUMENTS\C++\BEN\BOXTESTS - COPY\BASE\DEBUG\GLSLPROGRAM.OBJ
C:\USERS\ZEPHYR\ONEDRIVE\DOCUMENTS\C++\BEN\BOXTESTS - COPY\BASE\DEBUG\GLTEXTURE.OBJ
C:\USERS\ZEPHYR\ONEDRIVE\DOCUMENTS\C++\BEN\BOXTESTS - COPY\BASE\DEBUG\IMAGELOADER.OBJ
C:\USERS\ZEPHYR\ONEDRIVE\DOCUMENTS\C++\BEN\BOXTESTS - COPY\BASE\DEBUG\IOMANAGER.OBJ
C:\USERS\ZEPHYR\ONEDRIVE\DOCUMENTS\C++\BEN\BOXTESTS - COPY\BASE\DEBUG\MAIN.OBJ
C:\USERS\ZEPHYR\ONEDRIVE\DOCUMENTS\C++\BEN\BOXTESTS - COPY\BASE\DEBUG\MAINGAME.OBJ
C:\USERS\ZEPHYR\ONEDRIVE\DOCUMENTS\C++\BEN\BOXTESTS - COPY\BASE\DEBUG\PICOPNG.OBJ
C:\USERS\ZEPHYR\ONEDRIVE\DOCUMENTS\C++\BEN\BOXTESTS - COPY\BASE\DEBUG\RESOURCEMANAGER.OBJ
C:\USERS\ZEPHYR\ONEDRIVE\DOCUMENTS\C++\BEN\BOXTESTS - COPY\BASE\DEBUG\SPRITE.OBJ
C:\USERS\ZEPHYR\ONEDRIVE\DOCUMENTS\C++\BEN\BOXTESTS - COPY\BASE\DEBUG\TEXTURECACHE.OBJ
C:\USERS\ZEPHYR\ONEDRIVE\DOCUMENTS\C++\BEN\BOXTESTS - COPY\BASE\DEBUG\VC110.PDB
C:\Users\Zephyr\OneDrive\Documents\C++\ben\BoxTests - Copy\Base\Debug\Errors.obj
C:\Users\Zephyr\OneDrive\Documents\C++\ben\BoxTests - Copy\Base\Debug\GLSLProgram.obj
C:\Users\Zephyr\OneDrive\Documents\C++\ben\BoxTests - Copy\Base\Debug\GLTexture.obj
C:\Users\Zephyr\OneDrive\Documents\C++\ben\BoxTests - Copy\Base\Debug\ImageLoader.obj
C:\Users\Zephyr\OneDrive\Documents\C++\ben\BoxTests - Copy\Base\Debug\IOManager.obj
C:\Users\Zephyr\OneDrive\Documents\C++\ben\BoxTests - Copy\Base\Debug\main.obj
C:\Users\Zephyr\OneDrive\Documents\C++\ben\BoxTests - Copy\Base\Debug\MainGame-moon-lap.obj
C:\Users\Zephyr\OneDrive\Documents\C++\ben\BoxTests - Copy\Base\Debug\MainGame.obj
C:\Users\Zephyr\OneDrive\Documents\C++\ben\BoxTests - Copy\Base\Debug\picoPNG.obj
C:\Users\Zephyr\OneDrive\Documents\C++\ben\BoxTests - Copy\Base\Debug\ResourceManager.obj
C:\Users\Zephyr\OneDrive\Documents\C++\ben\BoxTests - Copy\Base\Debug\Sprite.obj
C:\Users\Zephyr\OneDrive\Documents\C++\ben\BoxTests - Copy\Base\Debug\TextureCache.obj
C:\Users\Zephyr\OneDrive\Documents\C++\ben\BoxTests - Copy\Base\Debug\cl.command.1-moon-lap.tlog
C:\Users\Zephyr\OneDrive\Documents\C++\ben\BoxTests - Copy\Base\Debug\cl.command.1.tlog
C:\Users\Zephyr\OneDrive\Documents\C++\ben\BoxTests - Copy\Base\Debug\CL.read.1-moon-lap.tlog
C:\Users\Zephyr\OneDrive\Documents\C++\ben\BoxTests - Copy\Base\Debug\CL.read.1.tlog
C:\Users\Zephyr\OneDrive\Documents\C++\ben\BoxTests - Copy\Base\Debug\CL.write.1-moon-lap.tlog
C:\Users\Zephyr\OneDrive\Documents\C++\ben\BoxTests - Copy\Base\Debug\CL.write.1.tlog
C:\Users\Zephyr\OneDrive\Documents\C++\ben\BoxTests - Copy\Base\Debug\link-cvtres.read.1.tlog
C:\Users\Zephyr\OneDrive\Documents\C++\ben\BoxTests - Copy\Base\Debug\link-cvtres.write.1.tlog
C:\Users\Zephyr\OneDrive\Documents\C++\ben\BoxTests - Copy\Base\Debug\link-rc.read.1.tlog
C:\Users\Zephyr\OneDrive\Documents\C++\ben\BoxTests - Copy\Base\Debug\link-rc.write.1.tlog
C:\Users\Zephyr\OneDrive\Documents\C++\ben\BoxTests - Copy\Base\Debug\link.11392-cvtres.read.1.tlog
C:\Users\Zephyr\OneDrive\Documents\C++\ben\BoxTests - Copy\Base\Debug\link.11392-cvtres.write.1.tlog
C:\Users\Zephyr\OneDrive\Documents\C++\ben\BoxTests - Copy\Base\Debug\link.11392-rc.read.1.tlog
C:\Users\Zephyr\OneDrive\Documents\C++\ben\BoxTests - Copy\Base\Debug\link.11392-rc.write.1.tlog
C:\Users\Zephyr\OneDrive\Documents\C++\ben\BoxTests - Copy\Base\Debug\link.11392.read.1.tlog
C:\Users\Zephyr\OneDrive\Documents\C++\ben\BoxTests - Copy\Base\Debug\link.11392.write.1.tlog
C:\Users\Zephyr\OneDrive\Documents\C++\ben\BoxTests - Copy\Base\Debug\link.2728-cvtres.read.1.tlog
C:\Users\Zephyr\OneDrive\Documents\C++\ben\BoxTests - Copy\Base\Debug\link.2728-cvtres.write.1.tlog
C:\Users\Zephyr\OneDrive\Documents\C++\ben\BoxTests - Copy\Base\Debug\link.2728-rc.read.1.tlog
C:\Users\Zephyr\OneDrive\Documents\C++\ben\BoxTests - Copy\Base\Debug\link.2728-rc.write.1.tlog
C:\Users\Zephyr\OneDrive\Documents\C++\ben\BoxTests - Copy\Base\Debug\link.2728.read.1.tlog
C:\Users\Zephyr\OneDrive\Documents\C++\ben\BoxTests - Copy\Base\Debug\link.2728.write.1.tlog
C:\Users\Zephyr\OneDrive\Documents\C++\ben\BoxTests - Copy\Base\Debug\link.4272-cvtres.read.1.tlog
C:\Users\Zephyr\OneDrive\Documents\C++\ben\BoxTests - Copy\Base\Debug\link.4272-cvtres.write.1.tlog
C:\Users\Zephyr\OneDrive\Documents\C++\ben\BoxTests - Copy\Base\Debug\link.4272-rc.read.1.tlog
C:\Users\Zephyr\OneDrive\Documents\C++\ben\BoxTests - Copy\Base\Debug\link.4272-rc.write.1.tlog
C:\Users\Zephyr\OneDrive\Documents\C++\ben\BoxTests - Copy\Base\Debug\link.4272.read.1.tlog
C:\Users\Zephyr\OneDrive\Documents\C++\ben\BoxTests - Copy\Base\Debug\link.4272.write.1.tlog
C:\Users\Zephyr\OneDrive\Documents\C++\ben\BoxTests - Copy\Base\Debug\link.4952-cvtres.read.1.tlog
C:\Users\Zephyr\OneDrive\Documents\C++\ben\BoxTests - Copy\Base\Debug\link.4952-cvtres.write.1.tlog
C:\Users\Zephyr\OneDrive\Documents\C++\ben\BoxTests - Copy\Base\Debug\link.4952-rc.read.1.tlog
C:\Users\Zephyr\OneDrive\Documents\C++\ben\BoxTests - Copy\Base\Debug\link.4952-rc.write.1.tlog
C:\Users\Zephyr\OneDrive\Documents\C++\ben\BoxTests - Copy\Base\Debug\link.4952.read.1.tlog
C:\Users\Zephyr\OneDrive\Documents\C++\ben\BoxTests - Copy\Base\Debug\link.4952.write.1.tlog
C:\Users\Zephyr\OneDrive\Documents\C++\ben\BoxTests - Copy\Base\Debug\link.5072-cvtres.read.1.tlog
C:\Users\Zephyr\OneDrive\Documents\C++\ben\BoxTests - Copy\Base\Debug\link.5072-cvtres.write.1.tlog
C:\Users\Zephyr\OneDrive\Documents\C++\ben\BoxTests - Copy\Base\Debug\link.5072-rc.read.1.tlog
C:\Users\Zephyr\OneDrive\Documents\C++\ben\BoxTests - Copy\Base\Debug\link.5072-rc.write.1.tlog
C:\Users\Zephyr\OneDrive\Documents\C++\ben\BoxTests - Copy\Base\Debug\link.5072.read.1.tlog
C:\Users\Zephyr\OneDrive\Documents\C++\ben\BoxTests - Copy\Base\Debug\link.5072.write.1.tlog
C:\Users\Zephyr\OneDrive\Documents\C++\ben\BoxTests - Copy\Base\Debug\link.7668-cvtres.read.1.tlog
C:\Users\Zephyr\OneDrive\Documents\C++\ben\BoxTests - Copy\Base\Debug\link.7668-cvtres.write.1.tlog
C:\Users\Zephyr\OneDrive\Documents\C++\ben\BoxTests - Copy\Base\Debug\link.7668-rc.read.1.tlog
C:\Users\Zephyr\OneDrive\Documents\C++\ben\BoxTests - Copy\Base\Debug\link.7668-rc.write.1.tlog
C:\Users\Zephyr\OneDrive\Documents\C++\ben\BoxTests - Copy\Base\Debug\link.7668.read.1.tlog
C:\Users\Zephyr\OneDrive\Documents\C++\ben\BoxTests - Copy\Base\Debug\link.7668.write.1.tlog
C:\Users\Zephyr\OneDrive\Documents\C++\ben\BoxTests - Copy\Base\Debug\link.command.1-moon-lap.tlog
C:\Users\Zephyr\OneDrive\Documents\C++\ben\BoxTests - Copy\Base\Debug\link.command.1.tlog
C:\Users\Zephyr\OneDrive\Documents\C++\ben\BoxTests - Copy\Base\Debug\link.read.1-moon-lap.tlog
C:\Users\Zephyr\OneDrive\Documents\C++\ben\BoxTests - Copy\Base\Debug\link.read.1.tlog
C:\Users\Zephyr\OneDrive\Documents\C++\ben\BoxTests - Copy\Base\Debug\link.read.2.tlog
C:\Users\Zephyr\OneDrive\Documents\C++\ben\BoxTests - Copy\Base\Debug\link.write.1-moon-lap.tlog
C:\Users\Zephyr\OneDrive\Documents\C++\ben\BoxTests - Copy\Base\Debug\link.write.1.tlog
C:\Users\Zephyr\OneDrive\Documents\C++\ben\BoxTests - Copy\Base\Debug\vc110-moon-lap.idb
C:\Users\Zephyr\OneDrive\Documents\C++\ben\BoxTests - Copy\Base\Debug\vc110.idb
C:\Users\Zephyr\OneDrive\Documents\C++\ben\BoxTests - Copy\Base\Debug\vc110-moon-lap.pdb
C:\Users\Zephyr\OneDrive\Documents\C++\ben\BoxTests - Copy\Base\Debug\vc110.pdb
C:\Users\Zephyr\OneDrive\Documents\C++\ben\BoxTests - Copy\Debug\Base.pdb
C:\Users\Zephyr\OneDrive\Documents\C++\ben\BoxTests - Copy\Debug\Base.exe
C:\Users\Zephyr\OneDrive\Documents\C++\ben\BoxTests - Copy\Debug\Base.ilk
