C:\USERS\ZEPHYR\ONEDRIVE\DOCUMENTS\C++\BEN\BOXTESTS - COPY\BASE\DEBUG\ERRORS.OBJ
C:\USERS\ZEPHYR\ONEDRIVE\DOCUMENTS\C++\BEN\BOXTESTS - COPY\BASE\DEBUG\GLSLPROGRAM.OBJ
C:\USERS\ZEPHYR\ONEDRIVE\DOCUMENTS\C++\BEN\BOXTESTS - COPY\BASE\DEBUG\GLTEXTURE.OBJ
C:\USERS\ZEPHYR\ONEDRIVE\DOCUMENTS\C++\BEN\BOXTESTS - COPY\BASE\DEBUG\IOMANAGER.OBJ
C:\USERS\ZEPHYR\ONEDRIVE\DOCUMENTS\C++\BEN\BOXTESTS - COPY\BASE\DEBUG\IMAGELOADER.OBJ
C:\USERS\ZEPHYR\ONEDRIVE\DOCUMENTS\C++\BEN\BOXTESTS - COPY\BASE\DEBUG\MAINGAME.OBJ
C:\USERS\ZEPHYR\ONEDRIVE\DOCUMENTS\C++\BEN\BOXTESTS - COPY\BASE\DEBUG\RESOURCEMANAGER.OBJ
C:\USERS\ZEPHYR\ONEDRIVE\DOCUMENTS\C++\BEN\BOXTESTS - COPY\BASE\DEBUG\SPRITE.OBJ
C:\USERS\ZEPHYR\ONEDRIVE\DOCUMENTS\C++\BEN\BOXTESTS - COPY\BASE\DEBUG\TEXTURECACHE.OBJ
C:\USERS\ZEPHYR\ONEDRIVE\DOCUMENTS\C++\BEN\BOXTESTS - COPY\BASE\DEBUG\MAIN.OBJ
C:\USERS\ZEPHYR\ONEDRIVE\DOCUMENTS\C++\BEN\BOXTESTS - COPY\BASE\DEBUG\VC110.PDB
C:\USERS\ZEPHYR\ONEDRIVE\DOCUMENTS\C++\BEN\BOXTESTS - COPY\DEBUG\BASE.ILK
C:\USERS\ZEPHYR\ONEDRIVE\DOCUMENTS\C++\BEN\BOXTESTS - COPY\DEBUG\BASE.EXE
C:\USERS\ZEPHYR\ONEDRIVE\DOCUMENTS\C++\BEN\BOXTESTS - COPY\DEBUG\BASE.PDB
C:\USERS\ZEPHYR\ONEDRIVE\DOCUMENTS\C++\BEN\BOXTESTS - COPY\DEBUG\GAME.ILK
C:\USERS\ZEPHYR\ONEDRIVE\DOCUMENTS\C++\BEN\BOXTESTS - COPY\DEBUG\GAME.EXE
C:\USERS\ZEPHYR\ONEDRIVE\DOCUMENTS\C++\BEN\BOXTESTS - COPY\DEBUG\GAME.PDB
C:\Users\Zephyr\OneDrive\Documents\C++\ben\BoxTests - Copy\Base\Debug\Errors.obj
C:\Users\Zephyr\OneDrive\Documents\C++\ben\BoxTests - Copy\Base\Debug\GLSLProgram.obj
C:\Users\Zephyr\OneDrive\Documents\C++\ben\BoxTests - Copy\Base\Debug\GLTexture.obj
C:\Users\Zephyr\OneDrive\Documents\C++\ben\BoxTests - Copy\Base\Debug\ImageLoader.obj
C:\Users\Zephyr\OneDrive\Documents\C++\ben\BoxTests - Copy\Base\Debug\IOManager.obj
C:\Users\Zephyr\OneDrive\Documents\C++\ben\BoxTests - Copy\Base\Debug\main.obj
C:\Users\Zephyr\OneDrive\Documents\C++\ben\BoxTests - Copy\Base\Debug\MainGame.obj
C:\Users\Zephyr\OneDrive\Documents\C++\ben\BoxTests - Copy\Base\Debug\picoPNG.obj
C:\Users\Zephyr\OneDrive\Documents\C++\ben\BoxTests - Copy\Base\Debug\ResourceManager.obj
C:\Users\Zephyr\OneDrive\Documents\C++\ben\BoxTests - Copy\Base\Debug\Sprite.obj
C:\Users\Zephyr\OneDrive\Documents\C++\ben\BoxTests - Copy\Base\Debug\TextureCache.obj
C:\Users\Zephyr\OneDrive\Documents\C++\ben\BoxTests - Copy\Base\Debug\cl.command.1.tlog
C:\Users\Zephyr\OneDrive\Documents\C++\ben\BoxTests - Copy\Base\Debug\CL.read.1.tlog
C:\Users\Zephyr\OneDrive\Documents\C++\ben\BoxTests - Copy\Base\Debug\CL.write.1.tlog
C:\Users\Zephyr\OneDrive\Documents\C++\ben\BoxTests - Copy\Base\Debug\link-cvtres.read.1.tlog
C:\Users\Zephyr\OneDrive\Documents\C++\ben\BoxTests - Copy\Base\Debug\link-cvtres.write.1.tlog
C:\Users\Zephyr\OneDrive\Documents\C++\ben\BoxTests - Copy\Base\Debug\link-rc.read.1.tlog
C:\Users\Zephyr\OneDrive\Documents\C++\ben\BoxTests - Copy\Base\Debug\link-rc.write.1.tlog
C:\Users\Zephyr\OneDrive\Documents\C++\ben\BoxTests - Copy\Base\Debug\link.144-cvtres.read.1.tlog
C:\Users\Zephyr\OneDrive\Documents\C++\ben\BoxTests - Copy\Base\Debug\link.144-cvtres.write.1.tlog
C:\Users\Zephyr\OneDrive\Documents\C++\ben\BoxTests - Copy\Base\Debug\link.144-rc.read.1.tlog
C:\Users\Zephyr\OneDrive\Documents\C++\ben\BoxTests - Copy\Base\Debug\link.144-rc.write.1.tlog
C:\Users\Zephyr\OneDrive\Documents\C++\ben\BoxTests - Copy\Base\Debug\link.144.read.1.tlog
C:\Users\Zephyr\OneDrive\Documents\C++\ben\BoxTests - Copy\Base\Debug\link.144.write.1.tlog
C:\Users\Zephyr\OneDrive\Documents\C++\ben\BoxTests - Copy\Base\Debug\link.4272-cvtres.read.1.tlog
C:\Users\Zephyr\OneDrive\Documents\C++\ben\BoxTests - Copy\Base\Debug\link.4272-cvtres.write.1.tlog
C:\Users\Zephyr\OneDrive\Documents\C++\ben\BoxTests - Copy\Base\Debug\link.4272-rc.read.1.tlog
C:\Users\Zephyr\OneDrive\Documents\C++\ben\BoxTests - Copy\Base\Debug\link.4272-rc.write.1.tlog
C:\Users\Zephyr\OneDrive\Documents\C++\ben\BoxTests - Copy\Base\Debug\link.4272.read.1.tlog
C:\Users\Zephyr\OneDrive\Documents\C++\ben\BoxTests - Copy\Base\Debug\link.4272.write.1.tlog
C:\Users\Zephyr\OneDrive\Documents\C++\ben\BoxTests - Copy\Base\Debug\link.6100-cvtres.read.1.tlog
C:\Users\Zephyr\OneDrive\Documents\C++\ben\BoxTests - Copy\Base\Debug\link.6100-cvtres.write.1.tlog
C:\Users\Zephyr\OneDrive\Documents\C++\ben\BoxTests - Copy\Base\Debug\link.6100-rc.read.1.tlog
C:\Users\Zephyr\OneDrive\Documents\C++\ben\BoxTests - Copy\Base\Debug\link.6100-rc.write.1.tlog
C:\Users\Zephyr\OneDrive\Documents\C++\ben\BoxTests - Copy\Base\Debug\link.6100.read.1.tlog
C:\Users\Zephyr\OneDrive\Documents\C++\ben\BoxTests - Copy\Base\Debug\link.6100.write.1.tlog
C:\Users\Zephyr\OneDrive\Documents\C++\ben\BoxTests - Copy\Base\Debug\link.8540-cvtres.read.1.tlog
C:\Users\Zephyr\OneDrive\Documents\C++\ben\BoxTests - Copy\Base\Debug\link.8540-cvtres.write.1.tlog
C:\Users\Zephyr\OneDrive\Documents\C++\ben\BoxTests - Copy\Base\Debug\link.8540-rc.read.1.tlog
C:\Users\Zephyr\OneDrive\Documents\C++\ben\BoxTests - Copy\Base\Debug\link.8540-rc.write.1.tlog
C:\Users\Zephyr\OneDrive\Documents\C++\ben\BoxTests - Copy\Base\Debug\link.8540.read.1.tlog
C:\Users\Zephyr\OneDrive\Documents\C++\ben\BoxTests - Copy\Base\Debug\link.8540.write.1.tlog
C:\Users\Zephyr\OneDrive\Documents\C++\ben\BoxTests - Copy\Base\Debug\link.command.1.tlog
C:\Users\Zephyr\OneDrive\Documents\C++\ben\BoxTests - Copy\Base\Debug\link.read.1.tlog
C:\Users\Zephyr\OneDrive\Documents\C++\ben\BoxTests - Copy\Base\Debug\link.write.1.tlog
C:\Users\Zephyr\OneDrive\Documents\C++\ben\BoxTests - Copy\Base\Debug\vc110.idb
C:\Users\Zephyr\OneDrive\Documents\C++\ben\BoxTests - Copy\Base\Debug\vc110.pdb
C:\Users\Zephyr\OneDrive\Documents\C++\ben\BoxTests - Copy\Debug\Game.pdb
C:\Users\Zephyr\OneDrive\Documents\C++\ben\BoxTests - Copy\Debug\Game.exe
C:\Users\Zephyr\OneDrive\Documents\C++\ben\BoxTests - Copy\Debug\Game.ilk
